[INFO ] 2022-03-27 16:29:33.735 [main] log4JDemo - trying to click [[ChromeDriver: chrome on MAC (8b2eb27415f31dfd2b7f432cd1225163)] -> xpath: //*[@id="index"]/div/main/section[1]/figure/div/div/div[1]/ul/li[1]/a]
[DEBUG] 2022-03-27 16:29:33.743 [main] log4JDemo - Waiting element to be displayed [[ChromeDriver: chrome on MAC (8b2eb27415f31dfd2b7f432cd1225163)] -> xpath: //*[@id="index"]/div/main/section[1]/figure/div/div/div[1]/ul/li[1]/a]
[INFO ] 2022-03-27 16:29:33.781 [main] log4JDemo - Waiting element to be Clickable
[INFO ] 2022-03-27 16:29:33.871 [main] log4JDemo - [[ChromeDriver: chrome on MAC (8b2eb27415f31dfd2b7f432cd1225163)] -> xpath: //*[@id="index"]/div/main/section[1]/figure/div/div/div[1]/ul/li[1]/a]clicked
[INFO ] 2022-03-27 16:29:33.871 [main] log4JDemo - pausing the system
[INFO ] 2022-03-27 16:29:34.473 [main] log4JDemo - pausing the system
[INFO ] 2022-03-27 16:29:35.050 [main] log4JDemo - pausing the system
[INFO ] 2022-03-27 16:29:35.574 [main] log4JDemo - trying to click [[ChromeDriver: chrome on MAC (8b2eb27415f31dfd2b7f432cd1225163)] -> xpath: //button[normalize-space()='Compare Quotes']]
[DEBUG] 2022-03-27 16:29:35.582 [main] log4JDemo - Waiting element to be displayed [[ChromeDriver: chrome on MAC (8b2eb27415f31dfd2b7f432cd1225163)] -> xpath: //button[normalize-space()='Compare Quotes']]
[INFO ] 2022-03-27 16:29:35.602 [main] log4JDemo - Waiting element to be Clickable
[INFO ] 2022-03-27 16:29:47.326 [main] log4JDemo - Proxy element for: DefaultElementLocator 'By.xpath: //button[normalize-space()='Compare Quotes']'clicked
[INFO ] 2022-03-27 16:29:47.326 [main] log4JDemo - pausing the system
[DEBUG] 2022-03-27 16:29:47.846 [main] log4JDemo - Waiting element to be displayed [[ChromeDriver: chrome on MAC (8b2eb27415f31dfd2b7f432cd1225163)] -> xpath: /html/body/div[1]/div/div/div/div[1]/h2/span[1]]
[DEBUG] 2022-03-27 16:29:47.874 [main] log4JDemo - Waiting element to be displayed [[ChromeDriver: chrome on MAC (8b2eb27415f31dfd2b7f432cd1225163)] -> xpath: /html/body/div[1]/div/div/div/div[1]/h2/span[1]]
[INFO ] 2022-03-27 16:29:47.917 [main] log4JDemo - pausing the system
[INFO ] 2022-03-27 16:29:48.437 [main] log4JDemo - trying to click [[ChromeDriver: chrome on MAC (8b2eb27415f31dfd2b7f432cd1225163)] -> xpath: /html/body/div[1]/div/div/div/div[2]/div/a[2]/span[1]]
[DEBUG] 2022-03-27 16:29:48.444 [main] log4JDemo - Waiting element to be displayed [[ChromeDriver: chrome on MAC (8b2eb27415f31dfd2b7f432cd1225163)] -> xpath: /html/body/div[1]/div/div/div/div[2]/div/a[2]/span[1]]
[INFO ] 2022-03-27 16:29:48.462 [main] log4JDemo - Waiting element to be Clickable
[INFO ] 2022-03-27 16:29:58.585 [main] log4JDemo - Proxy element for: DefaultElementLocator 'By.xpath: /html/body/div[1]/div/div/div/div[2]/div/a[2]/span[1]'clicked
[INFO ] 2022-03-27 16:29:58.585 [main] log4JDemo - pausing the system
[DEBUG] 2022-03-27 16:29:59.104 [main] log4JDemo - Waiting element to be displayed [[ChromeDriver: chrome on MAC (8b2eb27415f31dfd2b7f432cd1225163)] -> xpath: //a[normalize-space()='GOT IT']]
[INFO ] 2022-03-27 16:29:59.143 [main] log4JDemo - pausing the system
[INFO ] 2022-03-27 16:29:59.663 [main] log4JDemo - trying to click [[ChromeDriver: chrome on MAC (8b2eb27415f31dfd2b7f432cd1225163)] -> xpath: /html/body/div[1]/div/div/div/div[2]/div]
[DEBUG] 2022-03-27 16:29:59.671 [main] log4JDemo - Waiting element to be displayed [[ChromeDriver: chrome on MAC (8b2eb27415f31dfd2b7f432cd1225163)] -> xpath: /html/body/div[1]/div/div/div/div[2]/div]
[INFO ] 2022-03-27 16:29:59.689 [main] log4JDemo - Waiting element to be Clickable
[INFO ] 2022-03-27 16:29:59.776 [main] log4JDemo - [[ChromeDriver: chrome on MAC (8b2eb27415f31dfd2b7f432cd1225163)] -> xpath: /html/body/div[1]/div/div/div/div[2]/div]clicked
[INFO ] 2022-03-27 16:29:59.776 [main] log4JDemo - pausing the system
[DEBUG] 2022-03-27 16:30:00.295 [main] log4JDemo - Waiting element to be displayed [[ChromeDriver: chrome on MAC (8b2eb27415f31dfd2b7f432cd1225163)] -> xpath: /html/body/div/div/div/div[1]/section[1]/div/p[1]]
[DEBUG] 2022-03-27 16:30:00.322 [main] log4JDemo - Waiting element to be displayed [[ChromeDriver: chrome on MAC (8b2eb27415f31dfd2b7f432cd1225163)] -> xpath: /html/body/div/div/div/div[1]/section[1]/div/p[1]]
[INFO ] 2022-03-27 16:30:00.380 [main] log4JDemo - trying to click [[ChromeDriver: chrome on MAC (8b2eb27415f31dfd2b7f432cd1225163)] -> xpath: //a[@id='nextInventoryTutorial']]
[DEBUG] 2022-03-27 16:30:00.387 [main] log4JDemo - Waiting element to be displayed [[ChromeDriver: chrome on MAC (8b2eb27415f31dfd2b7f432cd1225163)] -> xpath: //a[@id='nextInventoryTutorial']]
[INFO ] 2022-03-27 16:30:00.406 [main] log4JDemo - Waiting element to be Clickable
[INFO ] 2022-03-27 16:30:00.483 [main] log4JDemo - [[ChromeDriver: chrome on MAC (8b2eb27415f31dfd2b7f432cd1225163)] -> xpath: //a[@id='nextInventoryTutorial']]clicked
[INFO ] 2022-03-27 16:30:00.484 [main] log4JDemo - pausing the system
[DEBUG] 2022-03-27 16:30:01.004 [main] log4JDemo - Waiting element to be displayed [[ChromeDriver: chrome on MAC (8b2eb27415f31dfd2b7f432cd1225163)] -> xpath: /html/body/div/div/div/div[1]/section[2]/div/p[1]]
[DEBUG] 2022-03-27 16:30:01.029 [main] log4JDemo - Waiting element to be displayed [[ChromeDriver: chrome on MAC (8b2eb27415f31dfd2b7f432cd1225163)] -> xpath: /html/body/div/div/div/div[1]/section[2]/div/p[1]]
[INFO ] 2022-03-27 16:30:01.074 [main] log4JDemo - trying to click [[ChromeDriver: chrome on MAC (8b2eb27415f31dfd2b7f432cd1225163)] -> id: nextNextRoomTutorial]
[DEBUG] 2022-03-27 16:30:01.081 [main] log4JDemo - Waiting element to be displayed [[ChromeDriver: chrome on MAC (8b2eb27415f31dfd2b7f432cd1225163)] -> id: nextNextRoomTutorial]
[INFO ] 2022-03-27 16:30:01.099 [main] log4JDemo - Waiting element to be Clickable
[INFO ] 2022-03-27 16:30:01.184 [main] log4JDemo - [[ChromeDriver: chrome on MAC (8b2eb27415f31dfd2b7f432cd1225163)] -> id: nextNextRoomTutorial]clicked
[INFO ] 2022-03-27 16:30:01.184 [main] log4JDemo - pausing the system
[INFO ] 2022-03-27 16:30:01.704 [main] log4JDemo - trying to click [[ChromeDriver: chrome on MAC (8b2eb27415f31dfd2b7f432cd1225163)] -> xpath: //a[@id='closeTutorial2']]
[DEBUG] 2022-03-27 16:30:01.712 [main] log4JDemo - Waiting element to be displayed [[ChromeDriver: chrome on MAC (8b2eb27415f31dfd2b7f432cd1225163)] -> xpath: //a[@id='closeTutorial2']]
[INFO ] 2022-03-27 16:30:01.729 [main] log4JDemo - Waiting element to be Clickable
[INFO ] 2022-03-27 16:30:01.799 [main] log4JDemo - [[ChromeDriver: chrome on MAC (8b2eb27415f31dfd2b7f432cd1225163)] -> xpath: //a[@id='closeTutorial2']]clicked
[INFO ] 2022-03-27 16:30:01.799 [main] log4JDemo - pausing the system
[INFO ] 2022-03-27 16:30:02.316 [main] log4JDemo - trying to click [[ChromeDriver: chrome on MAC (8b2eb27415f31dfd2b7f432cd1225163)] -> xpath: /html/body/div/div/div/div[1]/main/div/div[1]/section/div[2]/div/div[1]/div/div/figure/img]
[DEBUG] 2022-03-27 16:30:02.324 [main] log4JDemo - Waiting element to be displayed [[ChromeDriver: chrome on MAC (8b2eb27415f31dfd2b7f432cd1225163)] -> xpath: /html/body/div/div/div/div[1]/main/div/div[1]/section/div[2]/div/div[1]/div/div/figure/img]
[INFO ] 2022-03-27 16:30:02.341 [main] log4JDemo - Waiting element to be Clickable
[INFO ] 2022-03-27 16:30:02.417 [main] log4JDemo - [[ChromeDriver: chrome on MAC (8b2eb27415f31dfd2b7f432cd1225163)] -> xpath: /html/body/div/div/div/div[1]/main/div/div[1]/section/div[2]/div/div[1]/div/div/figure/img]clicked
[INFO ] 2022-03-27 16:30:02.417 [main] log4JDemo - pausing the system
[INFO ] 2022-03-27 16:30:02.937 [main] log4JDemo - trying to click [[ChromeDriver: chrome on MAC (8b2eb27415f31dfd2b7f432cd1225163)] -> xpath: //div[@class='13']//a[@class='btn btn-blue'][normalize-space()='Add to Inventory']]
[DEBUG] 2022-03-27 16:30:02.945 [main] log4JDemo - Waiting element to be displayed [[ChromeDriver: chrome on MAC (8b2eb27415f31dfd2b7f432cd1225163)] -> xpath: //div[@class='13']//a[@class='btn btn-blue'][normalize-space()='Add to Inventory']]
[INFO ] 2022-03-27 16:30:02.963 [main] log4JDemo - Waiting element to be Clickable
[WARN ] 2022-03-27 16:30:04.076 [main] log4JDemo - Element is not clickable but I clicked with JS click
[DEBUG] 2022-03-27 16:30:04.086 [main] log4JDemo - Waiting element to be displayed [[ChromeDriver: chrome on MAC (8b2eb27415f31dfd2b7f432cd1225163)] -> xpath: //div[@class='13']//a[@class='btn btn-blue'][normalize-space()='Add to Inventory']]
[INFO ] 2022-03-27 16:30:04.103 [main] log4JDemo - Waiting element to be Clickable
[INFO ] 2022-03-27 16:30:04.168 [main] log4JDemo - pausing the system
[INFO ] 2022-03-27 16:30:04.686 [main] log4JDemo - trying to click [[ChromeDriver: chrome on MAC (8b2eb27415f31dfd2b7f432cd1225163)] -> xpath: /html/body/div/div/div/div[1]/main/div/div[1]/section/div[2]/div/div[2]/div/div/figure/img]
[DEBUG] 2022-03-27 16:30:04.692 [main] log4JDemo - Waiting element to be displayed [[ChromeDriver: chrome on MAC (8b2eb27415f31dfd2b7f432cd1225163)] -> xpath: /html/body/div/div/div/div[1]/main/div/div[1]/section/div[2]/div/div[2]/div/div/figure/img]
[INFO ] 2022-03-27 16:30:04.710 [main] log4JDemo - Waiting element to be Clickable
[INFO ] 2022-03-27 16:30:04.787 [main] log4JDemo - [[ChromeDriver: chrome on MAC (8b2eb27415f31dfd2b7f432cd1225163)] -> xpath: /html/body/div/div/div/div[1]/main/div/div[1]/section/div[2]/div/div[2]/div/div/figure/img]clicked
[INFO ] 2022-03-27 16:30:04.788 [main] log4JDemo - pausing the system
[INFO ] 2022-03-27 16:30:05.308 [main] log4JDemo - trying to click [[ChromeDriver: chrome on MAC (8b2eb27415f31dfd2b7f432cd1225163)] -> xpath: //div[@class='12']//a[@class='btn btn-blue'][normalize-space()='Add to Inventory']]
[DEBUG] 2022-03-27 16:30:05.316 [main] log4JDemo - Waiting element to be displayed [[ChromeDriver: chrome on MAC (8b2eb27415f31dfd2b7f432cd1225163)] -> xpath: //div[@class='12']//a[@class='btn btn-blue'][normalize-space()='Add to Inventory']]
[INFO ] 2022-03-27 16:30:05.333 [main] log4JDemo - Waiting element to be Clickable
[WARN ] 2022-03-27 16:30:06.445 [main] log4JDemo - Element is not clickable but I clicked with JS click
[DEBUG] 2022-03-27 16:30:06.454 [main] log4JDemo - Waiting element to be displayed [[ChromeDriver: chrome on MAC (8b2eb27415f31dfd2b7f432cd1225163)] -> xpath: //div[@class='12']//a[@class='btn btn-blue'][normalize-space()='Add to Inventory']]
[INFO ] 2022-03-27 16:30:06.472 [main] log4JDemo - Waiting element to be Clickable
[INFO ] 2022-03-27 16:30:06.524 [main] log4JDemo - pausing the system
[INFO ] 2022-03-27 16:30:07.055 [main] log4JDemo - trying to click [[ChromeDriver: chrome on MAC (8b2eb27415f31dfd2b7f432cd1225163)] -> xpath: //button[@class='saveButton btn btn-blue']]
[DEBUG] 2022-03-27 16:30:07.063 [main] log4JDemo - Waiting element to be displayed [[ChromeDriver: chrome on MAC (8b2eb27415f31dfd2b7f432cd1225163)] -> xpath: //button[@class='saveButton btn btn-blue']]
[INFO ] 2022-03-27 16:30:07.081 [main] log4JDemo - Waiting element to be Clickable
[INFO ] 2022-03-27 16:30:07.281 [main] log4JDemo - [[ChromeDriver: chrome on MAC (8b2eb27415f31dfd2b7f432cd1225163)] -> xpath: //button[@class='saveButton btn btn-blue']]clicked
[INFO ] 2022-03-27 16:30:07.288 [main] log4JDemo - trying to click [[ChromeDriver: chrome on MAC (8b2eb27415f31dfd2b7f432cd1225163)] -> xpath: /html/body/div/div/div/div[1]/main/div/div[1]/section/div[2]/div/div[1]/div/div/figure/img]
[DEBUG] 2022-03-27 16:30:07.294 [main] log4JDemo - Waiting element to be displayed [[ChromeDriver: chrome on MAC (8b2eb27415f31dfd2b7f432cd1225163)] -> xpath: /html/body/div/div/div/div[1]/main/div/div[1]/section/div[2]/div/div[1]/div/div/figure/img]
[INFO ] 2022-03-27 16:30:07.309 [main] log4JDemo - Waiting element to be Clickable
[INFO ] 2022-03-27 16:30:07.371 [main] log4JDemo - [[ChromeDriver: chrome on MAC (8b2eb27415f31dfd2b7f432cd1225163)] -> xpath: /html/body/div/div/div/div[1]/main/div/div[1]/section/div[2]/div/div[1]/div/div/figure/img]clicked
[INFO ] 2022-03-27 16:30:07.372 [main] log4JDemo - pausing the system
[INFO ] 2022-03-27 16:30:07.892 [main] log4JDemo - trying to click [[ChromeDriver: chrome on MAC (8b2eb27415f31dfd2b7f432cd1225163)] -> xpath: //div[@class='14']//a[@class='btn btn-blue'][normalize-space()='Add to Inventory']]
[DEBUG] 2022-03-27 16:30:07.899 [main] log4JDemo - Waiting element to be displayed [[ChromeDriver: chrome on MAC (8b2eb27415f31dfd2b7f432cd1225163)] -> xpath: //div[@class='14']//a[@class='btn btn-blue'][normalize-space()='Add to Inventory']]
[INFO ] 2022-03-27 16:30:07.915 [main] log4JDemo - Waiting element to be Clickable
[WARN ] 2022-03-27 16:30:09.018 [main] log4JDemo - Element is not clickable but I clicked with JS click
[DEBUG] 2022-03-27 16:30:09.028 [main] log4JDemo - Waiting element to be displayed [[ChromeDriver: chrome on MAC (8b2eb27415f31dfd2b7f432cd1225163)] -> xpath: //div[@class='14']//a[@class='btn btn-blue'][normalize-space()='Add to Inventory']]
[INFO ] 2022-03-27 16:30:09.045 [main] log4JDemo - Waiting element to be Clickable
[INFO ] 2022-03-27 16:30:09.093 [main] log4JDemo - pausing the system
[INFO ] 2022-03-27 16:30:09.606 [main] log4JDemo - trying to click [[ChromeDriver: chrome on MAC (8b2eb27415f31dfd2b7f432cd1225163)] -> xpath: /html/body/div/div/div/div[1]/main/div/div[1]/section/div[2]/div/div[2]/div/div/figure/img]
[DEBUG] 2022-03-27 16:30:09.624 [main] log4JDemo - Waiting element to be displayed [[ChromeDriver: chrome on MAC (8b2eb27415f31dfd2b7f432cd1225163)] -> xpath: /html/body/div/div/div/div[1]/main/div/div[1]/section/div[2]/div/div[2]/div/div/figure/img]
[INFO ] 2022-03-27 16:30:09.642 [main] log4JDemo - Waiting element to be Clickable
[INFO ] 2022-03-27 16:30:09.708 [main] log4JDemo - [[ChromeDriver: chrome on MAC (8b2eb27415f31dfd2b7f432cd1225163)] -> xpath: /html/body/div/div/div/div[1]/main/div/div[1]/section/div[2]/div/div[2]/div/div/figure/img]clicked
[INFO ] 2022-03-27 16:30:09.708 [main] log4JDemo - pausing the system
[INFO ] 2022-03-27 16:30:10.224 [main] log4JDemo - trying to click [[ChromeDriver: chrome on MAC (8b2eb27415f31dfd2b7f432cd1225163)] -> xpath: //div[@class='13']//a[@class='btn btn-blue'][normalize-space()='Add to Inventory']]
[DEBUG] 2022-03-27 16:30:10.231 [main] log4JDemo - Waiting element to be displayed [[ChromeDriver: chrome on MAC (8b2eb27415f31dfd2b7f432cd1225163)] -> xpath: //div[@class='13']//a[@class='btn btn-blue'][normalize-space()='Add to Inventory']]
[INFO ] 2022-03-27 16:30:10.246 [main] log4JDemo - Waiting element to be Clickable
[WARN ] 2022-03-27 16:30:11.347 [main] log4JDemo - Element is not clickable but I clicked with JS click
[DEBUG] 2022-03-27 16:30:11.356 [main] log4JDemo - Waiting element to be displayed [[ChromeDriver: chrome on MAC (8b2eb27415f31dfd2b7f432cd1225163)] -> xpath: //div[@class='13']//a[@class='btn btn-blue'][normalize-space()='Add to Inventory']]
[INFO ] 2022-03-27 16:30:11.374 [main] log4JDemo - Waiting element to be Clickable
[INFO ] 2022-03-27 16:30:11.436 [main] log4JDemo - pausing the system
[INFO ] 2022-03-27 16:30:11.965 [main] log4JDemo - trying to click [[ChromeDriver: chrome on MAC (8b2eb27415f31dfd2b7f432cd1225163)] -> xpath: //div[@class='col-sm-9']]
[DEBUG] 2022-03-27 16:30:11.973 [main] log4JDemo - Waiting element to be displayed [[ChromeDriver: chrome on MAC (8b2eb27415f31dfd2b7f432cd1225163)] -> xpath: //div[@class='col-sm-9']]
[INFO ] 2022-03-27 16:30:11.989 [main] log4JDemo - Waiting element to be Clickable
[INFO ] 2022-03-27 16:30:12.151 [main] log4JDemo - [[ChromeDriver: chrome on MAC (8b2eb27415f31dfd2b7f432cd1225163)] -> xpath: //div[@class='col-sm-9']]clicked
[INFO ] 2022-03-27 16:30:12.159 [main] log4JDemo - trying to click [[ChromeDriver: chrome on MAC (8b2eb27415f31dfd2b7f432cd1225163)] -> xpath: /html/body/div/div/div/div[1]/main/div/div[1]/section/div[2]/div/div[1]/div/div/figure/img]
[DEBUG] 2022-03-27 16:30:12.166 [main] log4JDemo - Waiting element to be displayed [[ChromeDriver: chrome on MAC (8b2eb27415f31dfd2b7f432cd1225163)] -> xpath: /html/body/div/div/div/div[1]/main/div/div[1]/section/div[2]/div/div[1]/div/div/figure/img]
[INFO ] 2022-03-27 16:30:12.182 [main] log4JDemo - Waiting element to be Clickable
[INFO ] 2022-03-27 16:30:12.238 [main] log4JDemo - [[ChromeDriver: chrome on MAC (8b2eb27415f31dfd2b7f432cd1225163)] -> xpath: /html/body/div/div/div/div[1]/main/div/div[1]/section/div[2]/div/div[1]/div/div/figure/img]clicked
[INFO ] 2022-03-27 16:30:12.238 [main] log4JDemo - pausing the system
[INFO ] 2022-03-27 16:30:12.755 [main] log4JDemo - trying to click [[ChromeDriver: chrome on MAC (8b2eb27415f31dfd2b7f432cd1225163)] -> xpath: //div[@class='14']//a[@class='btn btn-blue'][normalize-space()='Add to Inventory']]
[DEBUG] 2022-03-27 16:30:12.762 [main] log4JDemo - Waiting element to be displayed [[ChromeDriver: chrome on MAC (8b2eb27415f31dfd2b7f432cd1225163)] -> xpath: //div[@class='14']//a[@class='btn btn-blue'][normalize-space()='Add to Inventory']]
[INFO ] 2022-03-27 16:30:12.778 [main] log4JDemo - Waiting element to be Clickable
[WARN ] 2022-03-27 16:30:13.874 [main] log4JDemo - Element is not clickable but I clicked with JS click
[DEBUG] 2022-03-27 16:30:13.884 [main] log4JDemo - Waiting element to be displayed [[ChromeDriver: chrome on MAC (8b2eb27415f31dfd2b7f432cd1225163)] -> xpath: //div[@class='14']//a[@class='btn btn-blue'][normalize-space()='Add to Inventory']]
[INFO ] 2022-03-27 16:30:13.907 [main] log4JDemo - Waiting element to be Clickable
[INFO ] 2022-03-27 16:30:13.965 [main] log4JDemo - pausing the system
[INFO ] 2022-03-27 16:30:14.478 [main] log4JDemo - trying to click [[ChromeDriver: chrome on MAC (8b2eb27415f31dfd2b7f432cd1225163)] -> xpath: /html/body/div/div/div/div[1]/main/div/div[1]/section/div[2]/div/div[2]/div/div/figure/img]
[DEBUG] 2022-03-27 16:30:14.485 [main] log4JDemo - Waiting element to be displayed [[ChromeDriver: chrome on MAC (8b2eb27415f31dfd2b7f432cd1225163)] -> xpath: /html/body/div/div/div/div[1]/main/div/div[1]/section/div[2]/div/div[2]/div/div/figure/img]
[INFO ] 2022-03-27 16:30:14.501 [main] log4JDemo - Waiting element to be Clickable
[INFO ] 2022-03-27 16:30:14.560 [main] log4JDemo - [[ChromeDriver: chrome on MAC (8b2eb27415f31dfd2b7f432cd1225163)] -> xpath: /html/body/div/div/div/div[1]/main/div/div[1]/section/div[2]/div/div[2]/div/div/figure/img]clicked
[INFO ] 2022-03-27 16:30:14.560 [main] log4JDemo - pausing the system
[INFO ] 2022-03-27 16:30:15.075 [main] log4JDemo - trying to click [[ChromeDriver: chrome on MAC (8b2eb27415f31dfd2b7f432cd1225163)] -> xpath: //div[@class='13']//a[@class='btn btn-blue'][normalize-space()='Add to Inventory']]
[DEBUG] 2022-03-27 16:30:15.082 [main] log4JDemo - Waiting element to be displayed [[ChromeDriver: chrome on MAC (8b2eb27415f31dfd2b7f432cd1225163)] -> xpath: //div[@class='13']//a[@class='btn btn-blue'][normalize-space()='Add to Inventory']]
[INFO ] 2022-03-27 16:30:15.097 [main] log4JDemo - Waiting element to be Clickable
[WARN ] 2022-03-27 16:30:16.202 [main] log4JDemo - Element is not clickable but I clicked with JS click
[DEBUG] 2022-03-27 16:30:16.211 [main] log4JDemo - Waiting element to be displayed [[ChromeDriver: chrome on MAC (8b2eb27415f31dfd2b7f432cd1225163)] -> xpath: //div[@class='13']//a[@class='btn btn-blue'][normalize-space()='Add to Inventory']]
[INFO ] 2022-03-27 16:30:16.228 [main] log4JDemo - Waiting element to be Clickable
[INFO ] 2022-03-27 16:30:16.275 [main] log4JDemo - pausing the system
[INFO ] 2022-03-27 16:30:16.789 [main] log4JDemo - trying to click [[ChromeDriver: chrome on MAC (8b2eb27415f31dfd2b7f432cd1225163)] -> xpath: //div[@class='col-sm-9']]
[DEBUG] 2022-03-27 16:30:16.795 [main] log4JDemo - Waiting element to be displayed [[ChromeDriver: chrome on MAC (8b2eb27415f31dfd2b7f432cd1225163)] -> xpath: //div[@class='col-sm-9']]
[INFO ] 2022-03-27 16:30:16.810 [main] log4JDemo - Waiting element to be Clickable
[INFO ] 2022-03-27 16:30:16.967 [main] log4JDemo - [[ChromeDriver: chrome on MAC (8b2eb27415f31dfd2b7f432cd1225163)] -> xpath: //div[@class='col-sm-9']]clicked
[INFO ] 2022-03-27 16:30:16.974 [main] log4JDemo - trying to click [[ChromeDriver: chrome on MAC (8b2eb27415f31dfd2b7f432cd1225163)] -> xpath: /html/body/div/div/div/div[1]/main/div/div[1]/section/div[2]/div/div[1]/div/div/figure/img]
[DEBUG] 2022-03-27 16:30:16.980 [main] log4JDemo - Waiting element to be displayed [[ChromeDriver: chrome on MAC (8b2eb27415f31dfd2b7f432cd1225163)] -> xpath: /html/body/div/div/div/div[1]/main/div/div[1]/section/div[2]/div/div[1]/div/div/figure/img]
[INFO ] 2022-03-27 16:30:16.995 [main] log4JDemo - Waiting element to be Clickable
[INFO ] 2022-03-27 16:30:17.054 [main] log4JDemo - [[ChromeDriver: chrome on MAC (8b2eb27415f31dfd2b7f432cd1225163)] -> xpath: /html/body/div/div/div/div[1]/main/div/div[1]/section/div[2]/div/div[1]/div/div/figure/img]clicked
[INFO ] 2022-03-27 16:30:17.054 [main] log4JDemo - pausing the system
[INFO ] 2022-03-27 16:30:17.570 [main] log4JDemo - trying to click [[ChromeDriver: chrome on MAC (8b2eb27415f31dfd2b7f432cd1225163)] -> xpath: //div[@class='14']//a[@class='btn btn-blue'][normalize-space()='Add to Inventory']]
[DEBUG] 2022-03-27 16:30:17.577 [main] log4JDemo - Waiting element to be displayed [[ChromeDriver: chrome on MAC (8b2eb27415f31dfd2b7f432cd1225163)] -> xpath: //div[@class='14']//a[@class='btn btn-blue'][normalize-space()='Add to Inventory']]
[INFO ] 2022-03-27 16:30:17.591 [main] log4JDemo - Waiting element to be Clickable
[WARN ] 2022-03-27 16:30:18.687 [main] log4JDemo - Element is not clickable but I clicked with JS click
[DEBUG] 2022-03-27 16:30:18.696 [main] log4JDemo - Waiting element to be displayed [[ChromeDriver: chrome on MAC (8b2eb27415f31dfd2b7f432cd1225163)] -> xpath: //div[@class='14']//a[@class='btn btn-blue'][normalize-space()='Add to Inventory']]
[INFO ] 2022-03-27 16:30:18.713 [main] log4JDemo - Waiting element to be Clickable
[INFO ] 2022-03-27 16:30:18.760 [main] log4JDemo - pausing the system
[INFO ] 2022-03-27 16:30:19.286 [main] log4JDemo - trying to click [[ChromeDriver: chrome on MAC (8b2eb27415f31dfd2b7f432cd1225163)] -> xpath: /html/body/div/div/div/div[1]/main/div/div[1]/section/div[2]/div/div[2]/div/div/figure/img]
[DEBUG] 2022-03-27 16:30:19.293 [main] log4JDemo - Waiting element to be displayed [[ChromeDriver: chrome on MAC (8b2eb27415f31dfd2b7f432cd1225163)] -> xpath: /html/body/div/div/div/div[1]/main/div/div[1]/section/div[2]/div/div[2]/div/div/figure/img]
[INFO ] 2022-03-27 16:30:19.309 [main] log4JDemo - Waiting element to be Clickable
[INFO ] 2022-03-27 16:30:19.371 [main] log4JDemo - [[ChromeDriver: chrome on MAC (8b2eb27415f31dfd2b7f432cd1225163)] -> xpath: /html/body/div/div/div/div[1]/main/div/div[1]/section/div[2]/div/div[2]/div/div/figure/img]clicked
[INFO ] 2022-03-27 16:30:19.371 [main] log4JDemo - pausing the system
[INFO ] 2022-03-27 16:30:19.887 [main] log4JDemo - trying to click [[ChromeDriver: chrome on MAC (8b2eb27415f31dfd2b7f432cd1225163)] -> xpath: //div[@class='13']//a[@class='btn btn-blue'][normalize-space()='Add to Inventory']]
[DEBUG] 2022-03-27 16:30:19.894 [main] log4JDemo - Waiting element to be displayed [[ChromeDriver: chrome on MAC (8b2eb27415f31dfd2b7f432cd1225163)] -> xpath: //div[@class='13']//a[@class='btn btn-blue'][normalize-space()='Add to Inventory']]
[INFO ] 2022-03-27 16:30:19.909 [main] log4JDemo - Waiting element to be Clickable
[WARN ] 2022-03-27 16:30:21.008 [main] log4JDemo - Element is not clickable but I clicked with JS click
[DEBUG] 2022-03-27 16:30:21.018 [main] log4JDemo - Waiting element to be displayed [[ChromeDriver: chrome on MAC (8b2eb27415f31dfd2b7f432cd1225163)] -> xpath: //div[@class='13']//a[@class='btn btn-blue'][normalize-space()='Add to Inventory']]
[INFO ] 2022-03-27 16:30:21.035 [main] log4JDemo - Waiting element to be Clickable
[INFO ] 2022-03-27 16:30:21.095 [main] log4JDemo - pausing the system
[INFO ] 2022-03-27 16:30:21.609 [main] log4JDemo - trying to click [[ChromeDriver: chrome on MAC (8b2eb27415f31dfd2b7f432cd1225163)] -> xpath: //div[@class='col-sm-9']]
[DEBUG] 2022-03-27 16:30:21.617 [main] log4JDemo - Waiting element to be displayed [[ChromeDriver: chrome on MAC (8b2eb27415f31dfd2b7f432cd1225163)] -> xpath: //div[@class='col-sm-9']]
[INFO ] 2022-03-27 16:30:21.632 [main] log4JDemo - Waiting element to be Clickable
[INFO ] 2022-03-27 16:30:21.739 [main] log4JDemo - [[ChromeDriver: chrome on MAC (8b2eb27415f31dfd2b7f432cd1225163)] -> xpath: //div[@class='col-sm-9']]clicked
[INFO ] 2022-03-27 16:30:21.750 [main] log4JDemo - trying to click [[ChromeDriver: chrome on MAC (8b2eb27415f31dfd2b7f432cd1225163)] -> xpath: //a[normalize-space()='Add and Continue']]
[DEBUG] 2022-03-27 16:30:21.759 [main] log4JDemo - Waiting element to be displayed [[ChromeDriver: chrome on MAC (8b2eb27415f31dfd2b7f432cd1225163)] -> xpath: //a[normalize-space()='Add and Continue']]
[INFO ] 2022-03-27 16:30:21.778 [main] log4JDemo - Waiting element to be Clickable
[INFO ] 2022-03-27 16:30:21.893 [main] log4JDemo - [[ChromeDriver: chrome on MAC (8b2eb27415f31dfd2b7f432cd1225163)] -> xpath: //a[normalize-space()='Add and Continue']]clicked
[INFO ] 2022-03-27 16:30:21.895 [main] log4JDemo - pausing the system
[INFO ] 2022-03-27 16:30:23.480 [main] log4JDemo - pausing the system
[INFO ] 2022-03-27 16:30:24.011 [main] log4JDemo - pausing the system
[INFO ] 2022-03-27 16:30:24.339 [main] log4JDemo - pausing the system
[DEBUG] 2022-03-27 16:30:24.654 [main] log4JDemo - Waiting element to be displayed [[ChromeDriver: chrome on MAC (8b2eb27415f31dfd2b7f432cd1225163)] -> xpath: /html/body/div[1]/div/div/div[1]/main/div/section[2]/div[1]/div[1]/div[1]/address-selection/div/address-instructions/div/div[2]/ul/li[1]/div/div/button[2]]
[INFO ] 2022-03-27 16:30:24.670 [main] log4JDemo - Waiting element to be Clickable
[INFO ] 2022-03-27 16:30:24.967 [main] log4JDemo - pausing the system
[DEBUG] 2022-03-27 16:30:25.482 [main] log4JDemo - Waiting element to be displayed [[ChromeDriver: chrome on MAC (8b2eb27415f31dfd2b7f432cd1225163)] -> xpath: //address-selection[@class='pickUpFrom pickupAffix']//li[2]//div[1]//div[1]//button[2]]
[INFO ] 2022-03-27 16:30:25.498 [main] log4JDemo - Waiting element to be Clickable
[INFO ] 2022-03-27 16:30:25.664 [main] log4JDemo - pausing the system
[INFO ] 2022-03-27 16:30:26.182 [main] log4JDemo - trying to click [[ChromeDriver: chrome on MAC (8b2eb27415f31dfd2b7f432cd1225163)] -> xpath: /html[1]/body[1]/div[1]/div[1]/div[1]/div[1]/main[1]/div[1]/section[2]/div[1]/div[1]/div[1]/address-selection[1]/div[1]/address-instructions[1]/div[1]/div[2]/ul[1]/li[3]/div[1]/div[1]/label[1]]
[DEBUG] 2022-03-27 16:30:26.188 [main] log4JDemo - Waiting element to be displayed [[ChromeDriver: chrome on MAC (8b2eb27415f31dfd2b7f432cd1225163)] -> xpath: /html[1]/body[1]/div[1]/div[1]/div[1]/div[1]/main[1]/div[1]/section[2]/div[1]/div[1]/div[1]/address-selection[1]/div[1]/address-instructions[1]/div[1]/div[2]/ul[1]/li[3]/div[1]/div[1]/label[1]]
[INFO ] 2022-03-27 16:30:26.204 [main] log4JDemo - Waiting element to be Clickable
[INFO ] 2022-03-27 16:30:26.288 [main] log4JDemo - [[ChromeDriver: chrome on MAC (8b2eb27415f31dfd2b7f432cd1225163)] -> xpath: /html[1]/body[1]/div[1]/div[1]/div[1]/div[1]/main[1]/div[1]/section[2]/div[1]/div[1]/div[1]/address-selection[1]/div[1]/address-instructions[1]/div[1]/div[2]/ul[1]/li[3]/div[1]/div[1]/label[1]]clicked
[INFO ] 2022-03-27 16:30:26.289 [main] log4JDemo - pausing the system
[INFO ] 2022-03-27 16:30:26.808 [main] log4JDemo - trying to click [[ChromeDriver: chrome on MAC (8b2eb27415f31dfd2b7f432cd1225163)] -> xpath: /html[1]/body[1]/div[1]/div[1]/div[1]/div[1]/main[1]/div[1]/section[2]/div[1]/div[1]/div[1]/address-selection[1]/div[1]/address-instructions[1]/div[1]/div[2]/ul[1]/li[4]/div[1]/div[1]/label[1]]
[DEBUG] 2022-03-27 16:30:26.813 [main] log4JDemo - Waiting element to be displayed [[ChromeDriver: chrome on MAC (8b2eb27415f31dfd2b7f432cd1225163)] -> xpath: /html[1]/body[1]/div[1]/div[1]/div[1]/div[1]/main[1]/div[1]/section[2]/div[1]/div[1]/div[1]/address-selection[1]/div[1]/address-instructions[1]/div[1]/div[2]/ul[1]/li[4]/div[1]/div[1]/label[1]]
[INFO ] 2022-03-27 16:30:26.827 [main] log4JDemo - Waiting element to be Clickable
[INFO ] 2022-03-27 16:30:26.896 [main] log4JDemo - [[ChromeDriver: chrome on MAC (8b2eb27415f31dfd2b7f432cd1225163)] -> xpath: /html[1]/body[1]/div[1]/div[1]/div[1]/div[1]/main[1]/div[1]/section[2]/div[1]/div[1]/div[1]/address-selection[1]/div[1]/address-instructions[1]/div[1]/div[2]/ul[1]/li[4]/div[1]/div[1]/label[1]]clicked
[INFO ] 2022-03-27 16:30:26.896 [main] log4JDemo - pausing the system
[INFO ] 2022-03-27 16:30:27.476 [main] log4JDemo - pausing the system
[INFO ] 2022-03-27 16:30:27.997 [main] log4JDemo - trying to click [[ChromeDriver: chrome on MAC (8b2eb27415f31dfd2b7f432cd1225163)] -> xpath: /html[1]/body[1]/div[1]/div[1]/div[1]/div[1]/main[1]/div[1]/section[2]/div[1]/div[1]/div[1]/address-selection[1]/div[1]/address-instructions[1]/div[1]/div[2]/ul[1]/li[9]/div[1]/button[1]]
[DEBUG] 2022-03-27 16:30:28.004 [main] log4JDemo - Waiting element to be displayed [[ChromeDriver: chrome on MAC (8b2eb27415f31dfd2b7f432cd1225163)] -> xpath: /html[1]/body[1]/div[1]/div[1]/div[1]/div[1]/main[1]/div[1]/section[2]/div[1]/div[1]/div[1]/address-selection[1]/div[1]/address-instructions[1]/div[1]/div[2]/ul[1]/li[9]/div[1]/button[1]]
[INFO ] 2022-03-27 16:30:28.022 [main] log4JDemo - Waiting element to be Clickable
[INFO ] 2022-03-27 16:30:28.097 [main] log4JDemo - [[ChromeDriver: chrome on MAC (8b2eb27415f31dfd2b7f432cd1225163)] -> xpath: /html[1]/body[1]/div[1]/div[1]/div[1]/div[1]/main[1]/div[1]/section[2]/div[1]/div[1]/div[1]/address-selection[1]/div[1]/address-instructions[1]/div[1]/div[2]/ul[1]/li[9]/div[1]/button[1]]clicked
[INFO ] 2022-03-27 16:30:28.097 [main] log4JDemo - pausing the system
[INFO ] 2022-03-27 16:30:28.709 [main] log4JDemo - pausing the system
[INFO ] 2022-03-27 16:30:29.236 [main] log4JDemo - pausing the system
[INFO ] 2022-03-27 16:30:29.568 [main] log4JDemo - pausing the system
[DEBUG] 2022-03-27 16:30:29.884 [main] log4JDemo - Waiting element to be displayed [[ChromeDriver: chrome on MAC (8b2eb27415f31dfd2b7f432cd1225163)] -> xpath: /html/body/div[1]/div/div/div[1]/main/div/section[2]/div[1]/div[1]/div[2]/address-selection/div/address-instructions/div/div[2]/ul/li[1]/div/div/button[2]]
[INFO ] 2022-03-27 16:30:29.900 [main] log4JDemo - Waiting element to be Clickable
[INFO ] 2022-03-27 16:30:30.303 [main] log4JDemo - pausing the system
[DEBUG] 2022-03-27 16:30:30.518 [main] log4JDemo - Waiting element to be displayed [[ChromeDriver: chrome on MAC (8b2eb27415f31dfd2b7f432cd1225163)] -> xpath: /html/body/div[1]/div/div/div[1]/main/div/section[2]/div[1]/div[1]/div[2]/address-selection/div/address-instructions/div/div[2]/ul/li[2]/div/div/button[2]]
[INFO ] 2022-03-27 16:30:30.534 [main] log4JDemo - Waiting element to be Clickable
[INFO ] 2022-03-27 16:30:30.647 [main] log4JDemo - pausing the system
[INFO ] 2022-03-27 16:30:30.862 [main] log4JDemo - trying to click [[ChromeDriver: chrome on MAC (8b2eb27415f31dfd2b7f432cd1225163)] -> xpath: /html/body/div[1]/div/div/div[1]/main/div/section[2]/div[1]/div[1]/div[2]/address-selection/div/address-instructions/div/div[2]/ul/li[3]/div/div/label]
[DEBUG] 2022-03-27 16:30:30.868 [main] log4JDemo - Waiting element to be displayed [[ChromeDriver: chrome on MAC (8b2eb27415f31dfd2b7f432cd1225163)] -> xpath: /html/body/div[1]/div/div/div[1]/main/div/section[2]/div[1]/div[1]/div[2]/address-selection/div/address-instructions/div/div[2]/ul/li[3]/div/div/label]
[INFO ] 2022-03-27 16:30:30.884 [main] log4JDemo - Waiting element to be Clickable
[INFO ] 2022-03-27 16:30:30.951 [main] log4JDemo - [[ChromeDriver: chrome on MAC (8b2eb27415f31dfd2b7f432cd1225163)] -> xpath: /html/body/div[1]/div/div/div[1]/main/div/section[2]/div[1]/div[1]/div[2]/address-selection/div/address-instructions/div/div[2]/ul/li[3]/div/div/label]clicked
[INFO ] 2022-03-27 16:30:30.952 [main] log4JDemo - pausing the system
[INFO ] 2022-03-27 16:30:31.165 [main] log4JDemo - trying to click [[ChromeDriver: chrome on MAC (8b2eb27415f31dfd2b7f432cd1225163)] -> xpath: /html/body/div[1]/div/div/div[1]/main/div/section[2]/div[1]/div[1]/div[2]/address-selection/div/address-instructions/div/div[2]/ul/li[4]/div/div/label]
[DEBUG] 2022-03-27 16:30:31.171 [main] log4JDemo - Waiting element to be displayed [[ChromeDriver: chrome on MAC (8b2eb27415f31dfd2b7f432cd1225163)] -> xpath: /html/body/div[1]/div/div/div[1]/main/div/section[2]/div[1]/div[1]/div[2]/address-selection/div/address-instructions/div/div[2]/ul/li[4]/div/div/label]
[INFO ] 2022-03-27 16:30:31.186 [main] log4JDemo - Waiting element to be Clickable
[INFO ] 2022-03-27 16:30:31.253 [main] log4JDemo - [[ChromeDriver: chrome on MAC (8b2eb27415f31dfd2b7f432cd1225163)] -> xpath: /html/body/div[1]/div/div/div[1]/main/div/section[2]/div[1]/div[1]/div[2]/address-selection/div/address-instructions/div/div[2]/ul/li[4]/div/div/label]clicked
[INFO ] 2022-03-27 16:30:31.253 [main] log4JDemo - pausing the system
[INFO ] 2022-03-27 16:30:31.535 [main] log4JDemo - pausing the system
[INFO ] 2022-03-27 16:30:31.748 [main] log4JDemo - trying to click [[ChromeDriver: chrome on MAC (8b2eb27415f31dfd2b7f432cd1225163)] -> xpath: /html/body/div[1]/div/div/div[1]/main/div/section[2]/div[1]/div[1]/div[2]/address-selection/div/address-instructions/div/div[2]/ul/li[9]/div/button]
[DEBUG] 2022-03-27 16:30:31.755 [main] log4JDemo - Waiting element to be displayed [[ChromeDriver: chrome on MAC (8b2eb27415f31dfd2b7f432cd1225163)] -> xpath: /html/body/div[1]/div/div/div[1]/main/div/section[2]/div[1]/div[1]/div[2]/address-selection/div/address-instructions/div/div[2]/ul/li[9]/div/button]
[INFO ] 2022-03-27 16:30:31.770 [main] log4JDemo - Waiting element to be Clickable
[INFO ] 2022-03-27 16:30:31.846 [main] log4JDemo - [[ChromeDriver: chrome on MAC (8b2eb27415f31dfd2b7f432cd1225163)] -> xpath: /html/body/div[1]/div/div/div[1]/main/div/section[2]/div[1]/div[1]/div[2]/address-selection/div/address-instructions/div/div[2]/ul/li[9]/div/button]clicked
[INFO ] 2022-03-27 16:30:31.847 [main] log4JDemo - pausing the system
[INFO ] 2022-03-27 16:30:32.065 [main] log4JDemo - trying to click [[ChromeDriver: chrome on MAC (8b2eb27415f31dfd2b7f432cd1225163)] -> xpath: /html[1]/body[1]/div[1]/div[1]/div[1]/div[1]/main[1]/div[1]/section[2]/div[1]/div[2]/div[1]/date-picker[1]/div[1]/p[1]/input[1]]
[DEBUG] 2022-03-27 16:30:32.075 [main] log4JDemo - Waiting element to be displayed [[ChromeDriver: chrome on MAC (8b2eb27415f31dfd2b7f432cd1225163)] -> xpath: /html[1]/body[1]/div[1]/div[1]/div[1]/div[1]/main[1]/div[1]/section[2]/div[1]/div[2]/div[1]/date-picker[1]/div[1]/p[1]/input[1]]
[INFO ] 2022-03-27 16:30:32.099 [main] log4JDemo - Waiting element to be Clickable
[INFO ] 2022-03-27 16:30:32.268 [main] log4JDemo - [[ChromeDriver: chrome on MAC (8b2eb27415f31dfd2b7f432cd1225163)] -> xpath: /html[1]/body[1]/div[1]/div[1]/div[1]/div[1]/main[1]/div[1]/section[2]/div[1]/div[2]/div[1]/date-picker[1]/div[1]/p[1]/input[1]]clicked
[INFO ] 2022-03-27 16:30:32.269 [main] log4JDemo - pausing the system
[INFO ] 2022-03-27 16:30:32.487 [main] log4JDemo - trying to click [[ChromeDriver: chrome on MAC (8b2eb27415f31dfd2b7f432cd1225163)] -> xpath: /html/body/div[1]/div/div/div[1]/main/div/section[2]/div[1]/div[2]/div[1]/date-picker/div/p/div/ul/li/div/table/thead/tr[1]/th[2]/button]
[DEBUG] 2022-03-27 16:30:32.492 [main] log4JDemo - Waiting element to be displayed [[ChromeDriver: chrome on MAC (8b2eb27415f31dfd2b7f432cd1225163)] -> xpath: /html/body/div[1]/div/div/div[1]/main/div/section[2]/div[1]/div[2]/div[1]/date-picker/div/p/div/ul/li/div/table/thead/tr[1]/th[2]/button]
[INFO ] 2022-03-27 16:30:32.507 [main] log4JDemo - Waiting element to be Clickable
[INFO ] 2022-03-27 16:30:32.582 [main] log4JDemo - [[ChromeDriver: chrome on MAC (8b2eb27415f31dfd2b7f432cd1225163)] -> xpath: /html/body/div[1]/div/div/div[1]/main/div/section[2]/div[1]/div[2]/div[1]/date-picker/div/p/div/ul/li/div/table/thead/tr[1]/th[2]/button]clicked
[INFO ] 2022-03-27 16:30:32.582 [main] log4JDemo - pausing the system
[INFO ] 2022-03-27 16:30:32.798 [main] log4JDemo - trying to click [[ChromeDriver: chrome on MAC (8b2eb27415f31dfd2b7f432cd1225163)] -> xpath: /html[1]/body[1]/div[1]/div[1]/div[1]/div[1]/main[1]/div[1]/section[2]/div[1]/div[2]/div[1]/date-picker[1]/div[1]/p[1]/div[1]/ul[1]/li[1]/div[1]/table[1]/tbody[1]/tr[4]/td[3]/button[1]/span[1]]
[DEBUG] 2022-03-27 16:30:32.803 [main] log4JDemo - Waiting element to be displayed [[ChromeDriver: chrome on MAC (8b2eb27415f31dfd2b7f432cd1225163)] -> xpath: /html[1]/body[1]/div[1]/div[1]/div[1]/div[1]/main[1]/div[1]/section[2]/div[1]/div[2]/div[1]/date-picker[1]/div[1]/p[1]/div[1]/ul[1]/li[1]/div[1]/table[1]/tbody[1]/tr[4]/td[3]/button[1]/span[1]]
[INFO ] 2022-03-27 16:30:32.818 [main] log4JDemo - Waiting element to be Clickable
[INFO ] 2022-03-27 16:30:32.910 [main] log4JDemo - [[ChromeDriver: chrome on MAC (8b2eb27415f31dfd2b7f432cd1225163)] -> xpath: /html[1]/body[1]/div[1]/div[1]/div[1]/div[1]/main[1]/div[1]/section[2]/div[1]/div[2]/div[1]/date-picker[1]/div[1]/p[1]/div[1]/ul[1]/li[1]/div[1]/table[1]/tbody[1]/tr[4]/td[3]/button[1]/span[1]]clicked
[INFO ] 2022-03-27 16:30:32.910 [main] log4JDemo - pausing the system
[INFO ] 2022-03-27 16:30:33.122 [main] log4JDemo - trying to click [[ChromeDriver: chrome on MAC (8b2eb27415f31dfd2b7f432cd1225163)] -> xpath: /html/body/div[1]/div/div/div[1]/main/div/section[2]/div[1]/div[2]/div[1]/date-picker/div/p/div/ul/li/div/table/tbody/tr[2]/td[7]/button]
[DEBUG] 2022-03-27 16:30:33.127 [main] log4JDemo - Waiting element to be displayed [[ChromeDriver: chrome on MAC (8b2eb27415f31dfd2b7f432cd1225163)] -> xpath: /html/body/div[1]/div/div/div[1]/main/div/section[2]/div[1]/div[2]/div[1]/date-picker/div/p/div/ul/li/div/table/tbody/tr[2]/td[7]/button]
[INFO ] 2022-03-27 16:30:33.141 [main] log4JDemo - Waiting element to be Clickable
[INFO ] 2022-03-27 16:30:43.273 [main] log4JDemo - Proxy element for: DefaultElementLocator 'By.xpath: /html/body/div[1]/div/div/div[1]/main/div/section[2]/div[1]/div[2]/div[1]/date-picker/div/p/div/ul/li/div/table/tbody/tr[2]/td[7]/button'clicked
[INFO ] 2022-03-27 16:30:43.273 [main] log4JDemo - pausing the system
[INFO ] 2022-03-27 16:30:43.911 [main] log4JDemo - trying to click [[ChromeDriver: chrome on MAC (8b2eb27415f31dfd2b7f432cd1225163)] -> xpath: /html/body/div[1]/div/div/div[1]/main/div/section[2]/div[1]/div[2]/div[5]/h2/button]
[DEBUG] 2022-03-27 16:30:43.917 [main] log4JDemo - Waiting element to be displayed [[ChromeDriver: chrome on MAC (8b2eb27415f31dfd2b7f432cd1225163)] -> xpath: /html/body/div[1]/div/div/div[1]/main/div/section[2]/div[1]/div[2]/div[5]/h2/button]
[INFO ] 2022-03-27 16:30:43.933 [main] log4JDemo - Waiting element to be Clickable
[INFO ] 2022-03-27 16:30:43.999 [main] log4JDemo - [[ChromeDriver: chrome on MAC (8b2eb27415f31dfd2b7f432cd1225163)] -> xpath: /html/body/div[1]/div/div/div[1]/main/div/section[2]/div[1]/div[2]/div[5]/h2/button]clicked
[INFO ] 2022-03-27 16:30:43.999 [main] log4JDemo - pausing the system
[INFO ] 2022-03-27 16:30:44.213 [main] log4JDemo - trying to click [[ChromeDriver: chrome on MAC (8b2eb27415f31dfd2b7f432cd1225163)] -> xpath: /html/body/div[1]/div/div/div[1]/main/div/section[2]/div[1]/div[3]/ul/li[1]]
[DEBUG] 2022-03-27 16:30:44.218 [main] log4JDemo - Waiting element to be displayed [[ChromeDriver: chrome on MAC (8b2eb27415f31dfd2b7f432cd1225163)] -> xpath: /html/body/div[1]/div/div/div[1]/main/div/section[2]/div[1]/div[3]/ul/li[1]]
[INFO ] 2022-03-27 16:30:44.233 [main] log4JDemo - Waiting element to be Clickable
[INFO ] 2022-03-27 16:30:44.297 [main] log4JDemo - [[ChromeDriver: chrome on MAC (8b2eb27415f31dfd2b7f432cd1225163)] -> xpath: /html/body/div[1]/div/div/div[1]/main/div/section[2]/div[1]/div[3]/ul/li[1]]clicked
[INFO ] 2022-03-27 16:30:44.297 [main] log4JDemo - pausing the system
[INFO ] 2022-03-27 16:30:44.513 [main] log4JDemo - trying to click [[ChromeDriver: chrome on MAC (8b2eb27415f31dfd2b7f432cd1225163)] -> xpath: /html/body/div[1]/div/div/div[1]/main/div/section[2]/div[2]/button]
[DEBUG] 2022-03-27 16:30:44.519 [main] log4JDemo - Waiting element to be displayed [[ChromeDriver: chrome on MAC (8b2eb27415f31dfd2b7f432cd1225163)] -> xpath: /html/body/div[1]/div/div/div[1]/main/div/section[2]/div[2]/button]
[INFO ] 2022-03-27 16:30:44.533 [main] log4JDemo - Waiting element to be Clickable
[INFO ] 2022-03-27 16:30:54.656 [main] log4JDemo - Proxy element for: DefaultElementLocator 'By.xpath: /html/body/div[1]/div/div/div[1]/main/div/section[2]/div[2]/button'clicked
[INFO ] 2022-03-27 16:30:54.656 [main] log4JDemo - pausing the system
[INFO ] 2022-03-27 16:30:54.869 [main] log4JDemo - trying to click [[ChromeDriver: chrome on MAC (8b2eb27415f31dfd2b7f432cd1225163)] -> xpath: /html/body/div[1]/div/div/div/div/div/div/div/a[1]]
[DEBUG] 2022-03-27 16:30:54.875 [main] log4JDemo - Waiting element to be displayed [[ChromeDriver: chrome on MAC (8b2eb27415f31dfd2b7f432cd1225163)] -> xpath: /html/body/div[1]/div/div/div/div/div/div/div/a[1]]
[INFO ] 2022-03-27 16:30:54.889 [main] log4JDemo - Waiting element to be Clickable
[INFO ] 2022-03-27 16:30:54.969 [main] log4JDemo - [[ChromeDriver: chrome on MAC (8b2eb27415f31dfd2b7f432cd1225163)] -> xpath: /html/body/div[1]/div/div/div/div/div/div/div/a[1]]clicked
[INFO ] 2022-03-27 16:30:54.969 [main] log4JDemo - pausing the system
